This file contains any messages produced by compilers while
running configure, to aid debugging if configure makes a mistake.

It was created by configure, which was
generated by GNU Autoconf 2.57.  Invocation command line was

  $ ./configure 

## --------- ##
## Platform. ##
## --------- ##

hostname = FrankTux
uname -m = i686
uname -r = 2.4.22-1.2115.nptl
uname -s = Linux
uname -v = #1 Wed Oct 29 15:42:51 EST 2003

/usr/bin/uname -p = unknown
/bin/uname -X     = unknown

/bin/arch              = i686
/usr/bin/arch -k       = unknown
/usr/convex/getsysinfo = unknown
hostinfo               = unknown
/bin/machine           = unknown
/usr/bin/oslevel       = unknown
/bin/universe          = unknown

PATH: /usr/kerberos/bin
PATH: /usr/local/bin
PATH: /usr/bin
PATH: /bin
PATH: /usr/X11R6/bin
PATH: /home/igor/bin


## ----------- ##
## Core tests. ##
## ----------- ##

configure:1283: checking for a BSD-compatible install
configure:1337: result: /usr/bin/install -c
configure:1348: checking whether build environment is sane
configure:1391: result: yes
configure:1424: checking for gawk
configure:1440: found /usr/bin/gawk
configure:1450: result: gawk
configure:1460: checking whether make sets $(MAKE)
configure:1480: result: yes
configure:1696: checking for g++
configure:1712: found /usr/bin/g++
configure:1722: result: g++
configure:1738: checking for C++ compiler version
configure:1741: g++ --version </dev/null >&5
g++ (GCC) 3.3.2 20031022 (Red Hat Linux 3.3.2-1)
Copyright (C) 2003 Free Software Foundation, Inc.
This is free software; see the source for copying conditions.  There is NO
warranty; not even for MERCHANTABILITY or FITNESS FOR A PARTICULAR PURPOSE.

configure:1744: $? = 0
configure:1746: g++ -v </dev/null >&5
Reading specs from /usr/lib/gcc-lib/i386-redhat-linux/3.3.2/specs
Configured with: ../configure --prefix=/usr --mandir=/usr/share/man --infodir=/usr/share/info --enable-shared --enable-threads=posix --disable-checking --with-system-zlib --enable-__cxa_atexit --host=i386-redhat-linux
Thread model: posix
gcc version 3.3.2 20031022 (Red Hat Linux 3.3.2-1)
configure:1749: $? = 0
configure:1751: g++ -V </dev/null >&5
g++: `-V' option must have argument
configure:1754: $? = 1
configure:1778: checking for C++ compiler default output
configure:1781: g++    conftest.cc  >&5
configure:1784: $? = 0
configure:1830: result: a.out
configure:1835: checking whether the C++ compiler works
configure:1841: ./a.out
configure:1844: $? = 0
configure:1861: result: yes
configure:1868: checking whether we are cross compiling
configure:1870: result: no
configure:1873: checking for suffix of executables
configure:1875: g++ -o conftest    conftest.cc  >&5
configure:1878: $? = 0
configure:1903: result: 
configure:1909: checking for suffix of object files
configure:1931: g++ -c   conftest.cc >&5
configure:1934: $? = 0
configure:1956: result: o
configure:1960: checking whether we are using the GNU C++ compiler
configure:1985: g++ -c   conftest.cc >&5
configure:1988: $? = 0
configure:1991: test -s conftest.o
configure:1994: $? = 0
configure:2007: result: yes
configure:2013: checking whether g++ accepts -g
configure:2035: g++ -c -g  conftest.cc >&5
configure:2038: $? = 0
configure:2041: test -s conftest.o
configure:2044: $? = 0
configure:2055: result: yes
configure:2099: g++ -c -g -O2  conftest.cc >&5
configure:2102: $? = 0
configure:2105: test -s conftest.o
configure:2108: $? = 0
configure:2135: g++ -c -g -O2  conftest.cc >&5
configure: In function `int main()':
configure:2132: error: `exit' undeclared (first use this function)
configure:2132: error: (Each undeclared identifier is reported only once for 
   each function it appears in.)
configure:2138: $? = 1
configure: failed program was:
| #line 2118 "configure"
| /* confdefs.h.  */
| 
| #define PACKAGE_NAME ""
| #define PACKAGE_TARNAME ""
| #define PACKAGE_VERSION ""
| #define PACKAGE_STRING ""
| #define PACKAGE_BUGREPORT ""
| #define PACKAGE "solitario"
| #define VERSION "0.1"
| /* end confdefs.h.  */
| 
| int
| main ()
| {
| exit (42);
|   ;
|   return 0;
| }
configure:2099: g++ -c -g -O2  conftest.cc >&5
configure:2102: $? = 0
configure:2105: test -s conftest.o
configure:2108: $? = 0
configure:2135: g++ -c -g -O2  conftest.cc >&5
configure:2138: $? = 0
configure:2141: test -s conftest.o
configure:2144: $? = 0
configure:2178: checking for style of include used by make
configure:2206: result: GNU
configure:2234: checking dependency style of g++
configure:2317: result: gcc3
configure:2380: checking for gcc
configure:2396: found /usr/bin/gcc
configure:2406: result: gcc
configure:2650: checking for C compiler version
configure:2653: gcc --version </dev/null >&5
gcc (GCC) 3.3.2 20031022 (Red Hat Linux 3.3.2-1)
Copyright (C) 2003 Free Software Foundation, Inc.
This is free software; see the source for copying conditions.  There is NO
warranty; not even for MERCHANTABILITY or FITNESS FOR A PARTICULAR PURPOSE.

configure:2656: $? = 0
configure:2658: gcc -v </dev/null >&5
Reading specs from /usr/lib/gcc-lib/i386-redhat-linux/3.3.2/specs
Configured with: ../configure --prefix=/usr --mandir=/usr/share/man --infodir=/usr/share/info --enable-shared --enable-threads=posix --disable-checking --with-system-zlib --enable-__cxa_atexit --host=i386-redhat-linux
Thread model: posix
gcc version 3.3.2 20031022 (Red Hat Linux 3.3.2-1)
configure:2661: $? = 0
configure:2663: gcc -V </dev/null >&5
gcc: `-V' option must have argument
configure:2666: $? = 1
configure:2669: checking whether we are using the GNU C compiler
configure:2694: gcc -c   conftest.c >&5
configure:2697: $? = 0
configure:2700: test -s conftest.o
configure:2703: $? = 0
configure:2716: result: yes
configure:2722: checking whether gcc accepts -g
configure:2744: gcc -c -g  conftest.c >&5
configure:2747: $? = 0
configure:2750: test -s conftest.o
configure:2753: $? = 0
configure:2764: result: yes
configure:2781: checking for gcc option to accept ANSI C
configure:2842: gcc  -c -g -O2  conftest.c >&5
configure:2845: $? = 0
configure:2848: test -s conftest.o
configure:2851: $? = 0
configure:2869: result: none needed
configure:2887: gcc -c -g -O2  conftest.c >&5
conftest.c:2: error: syntax error before "me"
configure:2890: $? = 1
configure: failed program was:
| #ifndef __cplusplus
|   choke me
| #endif
configure:3001: checking dependency style of gcc
configure:3084: result: gcc3
configure:3105: checking for gcc option to accept ANSI C
configure:3169: gcc  -c -g -O2  conftest.c >&5
configure:3172: $? = 0
configure:3175: test -s conftest.o
configure:3178: $? = 0
configure:3193: result: none needed
configure:3209: checking how to run the C preprocessor
configure:3245: gcc -E  conftest.c
configure:3251: $? = 0
configure:3283: gcc -E  conftest.c
configure:3287:28: ac_nonexistent.h: No such file or directory
configure:3289: $? = 1
configure: failed program was:
| #line 3274 "configure"
| /* confdefs.h.  */
| 
| #define PACKAGE_NAME ""
| #define PACKAGE_TARNAME ""
| #define PACKAGE_VERSION ""
| #define PACKAGE_STRING ""
| #define PACKAGE_BUGREPORT ""
| #define PACKAGE "solitario"
| #define VERSION "0.1"
| #ifdef __cplusplus
| #include <stdlib.h>
| #endif
| /* end confdefs.h.  */
| #include <ac_nonexistent.h>
configure:3327: result: gcc -E
configure:3352: gcc -E  conftest.c
configure:3358: $? = 0
configure:3390: gcc -E  conftest.c
configure:3394:28: ac_nonexistent.h: No such file or directory
configure:3396: $? = 1
configure: failed program was:
| #line 3381 "configure"
| /* confdefs.h.  */
| 
| #define PACKAGE_NAME ""
| #define PACKAGE_TARNAME ""
| #define PACKAGE_VERSION ""
| #define PACKAGE_STRING ""
| #define PACKAGE_BUGREPORT ""
| #define PACKAGE "solitario"
| #define VERSION "0.1"
| #ifdef __cplusplus
| #include <stdlib.h>
| #endif
| /* end confdefs.h.  */
| #include <ac_nonexistent.h>
configure:3439: checking for egrep
configure:3449: result: grep -E
configure:3454: checking for ANSI C header files
configure:3480: gcc -c -g -O2  conftest.c >&5
configure:3483: $? = 0
configure:3486: test -s conftest.o
configure:3489: $? = 0
configure:3578: gcc -o conftest -g -O2   conftest.c  >&5
configure:3581: $? = 0
configure:3583: ./conftest
configure:3586: $? = 0
configure:3601: result: yes
configure:3611: checking for rpm topdir
configure:3622: result: /home/igor/Projects/Solitario found
configure:3778: creating ./config.status

## ---------------------- ##
## Running config.status. ##
## ---------------------- ##

This file was extended by config.status, which was
generated by GNU Autoconf 2.57.  Invocation command line was

  CONFIG_FILES    = 
  CONFIG_HEADERS  = 
  CONFIG_LINKS    = 
  CONFIG_COMMANDS = 
  $ ./config.status 

on FrankTux

config.status:655: creating Makefile
config.status:655: creating data/Makefile
config.status:655: creating data/images/Makefile
config.status:655: creating data/mazzi/Makefile
config.status:655: creating solitario.spec
config.status:780: executing depfiles commands

## ---------------- ##
## Cache variables. ##
## ---------------- ##

ac_cv_c_compiler_gnu=yes
ac_cv_cxx_compiler_gnu=yes
ac_cv_env_CC_set=
ac_cv_env_CC_value=
ac_cv_env_CFLAGS_set=
ac_cv_env_CFLAGS_value=
ac_cv_env_CPPFLAGS_set=
ac_cv_env_CPPFLAGS_value=
ac_cv_env_CPP_set=
ac_cv_env_CPP_value=
ac_cv_env_CXXFLAGS_set=
ac_cv_env_CXXFLAGS_value=
ac_cv_env_CXX_set=
ac_cv_env_CXX_value=
ac_cv_env_LDFLAGS_set=
ac_cv_env_LDFLAGS_value=
ac_cv_env_build_alias_set=
ac_cv_env_build_alias_value=
ac_cv_env_host_alias_set=
ac_cv_env_host_alias_value=
ac_cv_env_target_alias_set=
ac_cv_env_target_alias_value=
ac_cv_exeext=
ac_cv_header_stdc=yes
ac_cv_objext=o
ac_cv_path_install='/usr/bin/install -c'
ac_cv_prog_AWK=gawk
ac_cv_prog_CPP='gcc -E'
ac_cv_prog_ac_ct_CC=gcc
ac_cv_prog_ac_ct_CXX=g++
ac_cv_prog_cc_g=yes
ac_cv_prog_cc_stdc=
ac_cv_prog_cxx_g=yes
ac_cv_prog_egrep='grep -E'
ac_cv_prog_make_make_set=yes
am_cv_CC_dependencies_compiler_type=gcc3
am_cv_CXX_dependencies_compiler_type=gcc3
am_cv_prog_cc_stdc=

## ----------------- ##
## Output variables. ##
## ----------------- ##

ACLOCAL='${SHELL} /home/igor/Projects/Solitario/missing --run aclocal-1.7'
AMDEPBACKSLASH='\'
AMDEP_FALSE='#'
AMDEP_TRUE=''
AMTAR='${SHELL} /home/igor/Projects/Solitario/missing --run tar'
AUTOCONF='${SHELL} /home/igor/Projects/Solitario/missing --run autoconf'
AUTOHEADER='${SHELL} /home/igor/Projects/Solitario/missing --run autoheader'
AUTOMAKE='${SHELL} /home/igor/Projects/Solitario/missing --run automake-1.7'
AWK='gawk'
CC='gcc'
CCDEPMODE='depmode=gcc3'
CFLAGS='-g -O2'
CPP='gcc -E'
CPPFLAGS=''
CXX='g++'
CXXDEPMODE='depmode=gcc3'
CXXFLAGS='-g -O2'
CYGPATH_W='echo'
DEFS='-DPACKAGE_NAME=\"\" -DPACKAGE_TARNAME=\"\" -DPACKAGE_VERSION=\"\" -DPACKAGE_STRING=\"\" -DPACKAGE_BUGREPORT=\"\" -DPACKAGE=\"solitario\" -DVERSION=\"0.1\" -DSTDC_HEADERS=1 '
DEPDIR='.deps'
ECHO_C=''
ECHO_N='-n'
ECHO_T=''
EGREP='grep -E'
EXEEXT=''
INSTALL_DATA='${INSTALL} -m 644'
INSTALL_PROGRAM='${INSTALL}'
INSTALL_SCRIPT='${INSTALL}'
INSTALL_STRIP_PROGRAM='${SHELL} $(install_sh) -c -s'
LDFLAGS=''
LIBOBJS=''
LIBS=''
LTLIBOBJS=''
MAKEINFO='${SHELL} /home/igor/Projects/Solitario/missing --run makeinfo'
OBJEXT='o'
PACKAGE='solitario'
PACKAGE_BUGREPORT=''
PACKAGE_NAME=''
PACKAGE_STRING=''
PACKAGE_TARNAME=''
PACKAGE_VERSION=''
PATH_SEPARATOR=':'
RPM_TOPDIR='/home/igor/Projects/Solitario'
SET_MAKE=''
SHELL='/bin/sh'
STRIP=''
VERSION='0.1'
ac_ct_CC='gcc'
ac_ct_CXX='g++'
ac_ct_STRIP=''
am__fastdepCC_FALSE='#'
am__fastdepCC_TRUE=''
am__fastdepCXX_FALSE='#'
am__fastdepCXX_TRUE=''
am__include='include'
am__leading_dot='.'
am__quote=''
bindir='${exec_prefix}/bin'
build_alias=''
datadir='${prefix}/share'
exec_prefix='${prefix}'
host_alias=''
includedir='${prefix}/include'
infodir='${prefix}/info'
install_sh='/home/igor/Projects/Solitario/install-sh'
libdir='${exec_prefix}/lib'
libexecdir='${exec_prefix}/libexec'
localstatedir='${prefix}/var'
mandir='${prefix}/man'
oldincludedir='/usr/include'
prefix='/usr'
program_transform_name='s,x,x,'
sbindir='${exec_prefix}/sbin'
sharedstatedir='${prefix}/com'
sysconfdir='${prefix}/etc'
target_alias=''

## ----------- ##
## confdefs.h. ##
## ----------- ##

#define PACKAGE "solitario"
#define PACKAGE_BUGREPORT ""
#define PACKAGE_NAME ""
#define PACKAGE_STRING ""
#define PACKAGE_TARNAME ""
#define PACKAGE_VERSION ""
#define STDC_HEADERS 1
#define VERSION "0.1"
#endif
#ifdef __cplusplus
#include <stdlib.h>

configure: exit 0
